Build started 10/11/2011 8:58:14 PM.
     1>Project "C:\Users\Phil\Desktop\School\Iterated Traveler's Dilemma\TD_Tourney\TD_Tourney\TD_Tourney.vcxproj" on node 2 (build target(s)).
     1>InitializeBuildStatus:
         Creating "Debug\TD_Tourney.unsuccessfulbuild" because "AlwaysCreate" was specified.
       ClCompile:
         c:\Program Files (x86)\Microsoft Visual Studio 10.0\VC\bin\CL.exe /c /ZI /nologo /W3 /WX- /Od /Oy- /D _MBCS /Gm /EHsc /RTC1 /MDd /GS /fp:precise /Zc:wchar_t /Zc:forScope /Fo"Debug\\" /Fd"Debug\vc100.pdb" /Gd /TP /analyze- /errorReport:prompt tournament.cpp
         tournament.cpp
       Link:
         c:\Program Files (x86)\Microsoft Visual Studio 10.0\VC\bin\link.exe /ERRORREPORT:PROMPT /OUT:"C:\Users\Phil\Desktop\School\Iterated Traveler's Dilemma\TD_Tourney\Debug\TD_Tourney.exe" /NOLOGO kernel32.lib user32.lib gdi32.lib winspool.lib comdlg32.lib advapi32.lib shell32.lib ole32.lib oleaut32.lib uuid.lib odbc32.lib odbccp32.lib /MANIFEST /ManifestFile:"Debug\TD_Tourney.exe.intermediate.manifest" /MANIFESTUAC:"level='asInvoker' uiAccess='false'" /DEBUG /PDB:"C:\Users\Phil\Desktop\School\Iterated Traveler's Dilemma\TD_Tourney\Debug\TD_Tourney.pdb" /TLBID:1 /DYNAMICBASE /NXCOMPAT /IMPLIB:"C:\Users\Phil\Desktop\School\Iterated Traveler's Dilemma\TD_Tourney\Debug\TD_Tourney.lib" /MACHINE:X86 Debug\simple_trend_new.obj
         Debug\simple_trend_tweak.obj
         Debug\always.obj
         Debug\main.obj
         Debug\mixed.obj
         Debug\qlearning.obj
         Debug\random.obj
         Debug\simple_trend.obj
         Debug\TFT_predict.obj
         Debug\TFT_simple.obj
         Debug\tournament.obj
         Debug\traveler.obj
         Debug\buckets.obj
         Debug\Zeuthen.obj
         LINK : C:\Users\Phil\Desktop\School\Iterated Traveler's Dilemma\TD_Tourney\Debug\TD_Tourney.exe not found or not built by the last incremental link; performing full link
         TD_Tourney.vcxproj -> C:\Users\Phil\Desktop\School\Iterated Traveler's Dilemma\TD_Tourney\Debug\TD_Tourney.exe
       Manifest:
         C:\Program Files (x86)\Microsoft SDKs\Windows\v7.0A\bin\mt.exe /nologo /verbose /outputresource:"C:\Users\Phil\Desktop\School\Iterated Traveler's Dilemma\TD_Tourney\Debug\TD_Tourney.exe;#1" /manifest Debug\TD_Tourney.exe.intermediate.manifest
       FinalizeBuildStatus:
         Deleting file "Debug\TD_Tourney.unsuccessfulbuild".
         Touching "Debug\TD_Tourney.lastbuildstate".
     1>Done Building Project "C:\Users\Phil\Desktop\School\Iterated Traveler's Dilemma\TD_Tourney\TD_Tourney\TD_Tourney.vcxproj" (build target(s)).

Build succeeded.

Time Elapsed 00:00:10.02
