C:\USERS\ROBIN\DOCUMENTS\VISUAL STUDIO 2010\PROJECTS\TD_TOURNEY\DEBUG\TD_TOURNEY.EXE
C:\Users\Robin\Documents\Visual Studio 2010\Projects\TD_Tourney\Debug\TD_Tourney.pdb
C:\USERS\ROBIN\DOCUMENTS\VISUAL STUDIO 2010\PROJECTS\TD_TOURNEY\TD_TOURNEY\DEBUG\ALWAYS.OBJ
C:\USERS\ROBIN\DOCUMENTS\VISUAL STUDIO 2010\PROJECTS\TD_TOURNEY\TD_TOURNEY\DEBUG\BUCKETS.OBJ
C:\Users\Robin\Documents\Visual Studio 2010\Projects\TD_Tourney\TD_Tourney\Debug\cl.command.1.tlog
C:\Users\Robin\Documents\Visual Studio 2010\Projects\TD_Tourney\TD_Tourney\Debug\CL.read.1.tlog
C:\Users\Robin\Documents\Visual Studio 2010\Projects\TD_Tourney\TD_Tourney\Debug\CL.write.1.tlog
C:\Users\Robin\Documents\Visual Studio 2010\Projects\TD_Tourney\TD_Tourney\Debug\link.command.1.tlog
C:\Users\Robin\Documents\Visual Studio 2010\Projects\TD_Tourney\TD_Tourney\Debug\link.read.1.tlog
C:\Users\Robin\Documents\Visual Studio 2010\Projects\TD_Tourney\TD_Tourney\Debug\link.write.1.tlog
C:\USERS\ROBIN\DOCUMENTS\VISUAL STUDIO 2010\PROJECTS\TD_TOURNEY\TD_TOURNEY\DEBUG\MAIN.OBJ
C:\USERS\ROBIN\DOCUMENTS\VISUAL STUDIO 2010\PROJECTS\TD_TOURNEY\TD_TOURNEY\DEBUG\MIXED.OBJ
C:\Users\Robin\Documents\Visual Studio 2010\Projects\TD_Tourney\TD_Tourney\Debug\mt.command.1.tlog
C:\Users\Robin\Documents\Visual Studio 2010\Projects\TD_Tourney\TD_Tourney\Debug\mt.read.1.tlog
C:\Users\Robin\Documents\Visual Studio 2010\Projects\TD_Tourney\TD_Tourney\Debug\mt.write.1.tlog
C:\USERS\ROBIN\DOCUMENTS\VISUAL STUDIO 2010\PROJECTS\TD_TOURNEY\TD_TOURNEY\DEBUG\QLEARNING.OBJ
C:\USERS\ROBIN\DOCUMENTS\VISUAL STUDIO 2010\PROJECTS\TD_TOURNEY\TD_TOURNEY\DEBUG\RANDOM.OBJ
C:\USERS\ROBIN\DOCUMENTS\VISUAL STUDIO 2010\PROJECTS\TD_TOURNEY\TD_TOURNEY\DEBUG\SIMPLE_TREND.OBJ
C:\Users\Robin\Documents\Visual Studio 2010\Projects\TD_Tourney\TD_Tourney\Debug\TD_Tourney.exe.intermediate.manifest
C:\USERS\ROBIN\DOCUMENTS\VISUAL STUDIO 2010\PROJECTS\TD_TOURNEY\TD_TOURNEY\DEBUG\TFT_PREDICT.OBJ
C:\USERS\ROBIN\DOCUMENTS\VISUAL STUDIO 2010\PROJECTS\TD_TOURNEY\TD_TOURNEY\DEBUG\TFT_SIMPLE.OBJ
C:\USERS\ROBIN\DOCUMENTS\VISUAL STUDIO 2010\PROJECTS\TD_TOURNEY\TD_TOURNEY\DEBUG\TOURNAMENT.OBJ
C:\USERS\ROBIN\DOCUMENTS\VISUAL STUDIO 2010\PROJECTS\TD_TOURNEY\TD_TOURNEY\DEBUG\TRAVELER.OBJ
C:\Users\Robin\Documents\Visual Studio 2010\Projects\TD_Tourney\TD_Tourney\Debug\vc100.idb
C:\USERS\ROBIN\DOCUMENTS\VISUAL STUDIO 2010\PROJECTS\TD_TOURNEY\TD_TOURNEY\DEBUG\VC100.PDB
C:\USERS\ROBIN\DOCUMENTS\VISUAL STUDIO 2010\PROJECTS\TD_TOURNEY\TD_TOURNEY\DEBUG\ZEUTHEN.OBJ
